This file contains any messages produced by compilers while
running configure, to aid debugging if configure makes a mistake.

It was created by gettext configure 0.22.3, which was
generated by GNU Autoconf 2.71.  Invocation command line was

  $ ./configure --disable-debug --disable-dependency-tracking --prefix=/Users/local/Documents/PREDOMINANT-PLANET/predo_planet/predominantmusic.com/homebrew/Cellar/gettext/0.22.3 --libdir=/Users/local/Documents/PREDOMINANT-PLANET/predo_planet/predominantmusic.com/homebrew/Cellar/gettext/0.22.3/lib --disable-silent-rules --with-included-glib --with-included-libcroco --with-included-libunistring --with-included-libxml --with-emacs --with-lispdir=/Users/local/Documents/PREDOMINANT-PLANET/predo_planet/predominantmusic.com/homebrew/Cellar/gettext/0.22.3/share/emacs/site-lisp/gettext --disable-java --disable-csharp --without-git --without-cvs --without-xz --with-included-gettext

## --------- ##
## Platform. ##
## --------- ##

hostname = dein-2.local
uname -m = x86_64
uname -r = 22.3.0
uname -s = Darwin
uname -v = Darwin Kernel Version 22.3.0: Mon Jan 30 20:42:11 PST 2023; root:xnu-8792.81.3~2/RELEASE_X86_64

/usr/bin/uname -p = i386
/bin/uname -X     = unknown

/bin/arch              = unknown
/usr/bin/arch -k       = unknown
/usr/convex/getsysinfo = unknown
/usr/bin/hostinfo      = Mach kernel version:
	 Darwin Kernel Version 22.3.0: Mon Jan 30 20:42:11 PST 2023; root:xnu-8792.81.3~2/RELEASE_X86_64
Kernel configured for up to 8 processors.
4 processors are physically available.
8 processors are logically available.
Processor type: x86_64h (Intel x86-64h Haswell)
Processors active: 0 1 2 3 4 5 6 7
Primary memory available: 8.00 gigabytes
Default processor set: 495 tasks, 2931 threads, 8 processors
Load average: 13.85, Mach factor: 0.60
/bin/machine           = unknown
/usr/bin/oslevel       = unknown
/bin/universe          = unknown

PATH: /Users/local/Documents/PREDOMINANT-PLANET/predo_planet/predominantmusic.com/homebrew/Library/Homebrew/shims/mac/super/
PATH: /usr/bin/
PATH: /bin/
PATH: /usr/sbin/
PATH: /sbin/


## ----------- ##
## Core tests. ##
## ----------- ##

configure:1907: looking for aux files: config.guess config.sub missing install-sh
configure:1920:  trying ./build-aux/
configure:1949:   ./build-aux/config.guess found
configure:1949:   ./build-aux/config.sub found
configure:1949:   ./build-aux/missing found
configure:1931:   ./build-aux/install-sh found
configure:2080: checking for a BSD-compatible install
configure:2153: result: /usr/bin/install -c
configure:2164: checking whether build environment is sane
configure:2219: result: yes
configure:2378: checking for a race-free mkdir -p
configure:2422: result: ./build-aux/install-sh -c -d
configure:2429: checking for gawk
configure:2464: result: no
configure:2429: checking for mawk
configure:2464: result: no
configure:2429: checking for nawk
configure:2464: result: no
configure:2429: checking for awk
configure:2450: found /usr/bin/awk
configure:2461: result: awk
configure:2472: checking whether make sets $(MAKE)
configure:2495: result: yes
configure:2525: checking whether make supports nested variables
configure:2543: result: yes
configure:2628: checking whether UID '501' is supported by ustar format
configure:2631: result: yes
configure:2638: checking whether GID '20' is supported by ustar format
configure:2641: result: yes
configure:2649: checking how to create a ustar tar archive
configure:2660: tar --version
bsdtar 3.5.3 - libarchive 3.5.3 zlib/1.2.11 liblzma/5.0.5 bz2lib/1.0.8 
configure:2663: $? = 0
configure:2703: tardir=conftest.dir && eval tar --format=ustar -chf - "$tardir" >conftest.tar
configure:2706: $? = 0
configure:2710: tar -xf - <conftest.tar
configure:2713: $? = 0
configure:2715: cat conftest.dir/file
GrepMe
configure:2718: $? = 0
configure:2732: result: gnutar
configure:2817: checking build system type
configure:2832: result: x86_64-apple-darwin22.3.0
configure:2852: checking host system type
configure:2866: result: x86_64-apple-darwin22.3.0
configure:3713: checking that generated files are newer than configure
configure:3719: result: done
configure:3727: creating ./config.status

## ---------------------- ##
## Running config.status. ##
## ---------------------- ##

This file was extended by gettext config.status 0.22.3, which was
generated by GNU Autoconf 2.71.  Invocation command line was

  CONFIG_FILES    = 
  CONFIG_HEADERS  = 
  CONFIG_LINKS    = 
  CONFIG_COMMANDS = 
  $ ./config.status 

on dein-2.local

config.status:762: creating Makefile
config.status:762: creating gnulib-local/Makefile
configure:4808: === configuring in gettext-runtime (/private/tmp/gettext-20231030-99754-7cscus/gettext-0.22.3/gettext-runtime)
configure:4869: running /bin/sh ./configure --disable-option-checking '--prefix=/Users/local/Documents/PREDOMINANT-PLANET/predo_planet/predominantmusic.com/homebrew/Cellar/gettext/0.22.3'  '--disable-debug' '--disable-dependency-tracking' '--libdir=/Users/local/Documents/PREDOMINANT-PLANET/predo_planet/predominantmusic.com/homebrew/Cellar/gettext/0.22.3/lib' '--disable-silent-rules' '--with-included-glib' '--with-included-libcroco' '--with-included-libunistring' '--with-included-libxml' '--with-emacs' '--with-lispdir=/Users/local/Documents/PREDOMINANT-PLANET/predo_planet/predominantmusic.com/homebrew/Cellar/gettext/0.22.3/share/emacs/site-lisp/gettext' '--disable-java' '--disable-csharp' '--without-git' '--without-cvs' '--without-xz' '--with-included-gettext' 'CC=clang' 'CXX=clang++' --cache-file=/dev/null --srcdir=.
configure:4808: === configuring in libtextstyle (/private/tmp/gettext-20231030-99754-7cscus/gettext-0.22.3/libtextstyle)
configure:4869: running /bin/sh ./configure --disable-option-checking '--prefix=/Users/local/Documents/PREDOMINANT-PLANET/predo_planet/predominantmusic.com/homebrew/Cellar/gettext/0.22.3'  '--disable-debug' '--disable-dependency-tracking' '--libdir=/Users/local/Documents/PREDOMINANT-PLANET/predo_planet/predominantmusic.com/homebrew/Cellar/gettext/0.22.3/lib' '--disable-silent-rules' '--with-included-glib' '--with-included-libcroco' '--with-included-libunistring' '--with-included-libxml' '--with-emacs' '--with-lispdir=/Users/local/Documents/PREDOMINANT-PLANET/predo_planet/predominantmusic.com/homebrew/Cellar/gettext/0.22.3/share/emacs/site-lisp/gettext' '--disable-java' '--disable-csharp' '--without-git' '--without-cvs' '--without-xz' '--with-included-gettext' 'CC=clang' 'CXX=clang++' --cache-file=/dev/null --srcdir=.
configure:4808: === configuring in gettext-tools (/private/tmp/gettext-20231030-99754-7cscus/gettext-0.22.3/gettext-tools)
configure:4869: running /bin/sh ./configure --disable-option-checking '--prefix=/Users/local/Documents/PREDOMINANT-PLANET/predo_planet/predominantmusic.com/homebrew/Cellar/gettext/0.22.3'  '--disable-debug' '--disable-dependency-tracking' '--libdir=/Users/local/Documents/PREDOMINANT-PLANET/predo_planet/predominantmusic.com/homebrew/Cellar/gettext/0.22.3/lib' '--disable-silent-rules' '--with-included-glib' '--with-included-libcroco' '--with-included-libunistring' '--with-included-libxml' '--with-emacs' '--with-lispdir=/Users/local/Documents/PREDOMINANT-PLANET/predo_planet/predominantmusic.com/homebrew/Cellar/gettext/0.22.3/share/emacs/site-lisp/gettext' '--disable-java' '--disable-csharp' '--without-git' '--without-cvs' '--without-xz' '--with-included-gettext' 'CC=clang' 'CXX=clang++' --cache-file=/dev/null --srcdir=.

## ---------------- ##
## Cache variables. ##
## ---------------- ##

ac_cv_build=x86_64-apple-darwin22.3.0
ac_cv_env_CC_set=set
ac_cv_env_CC_value=clang
ac_cv_env_CFLAGS_set=
ac_cv_env_CFLAGS_value=
ac_cv_env_CPPFLAGS_set=
ac_cv_env_CPPFLAGS_value=
ac_cv_env_CPP_set=
ac_cv_env_CPP_value=
ac_cv_env_CXXCPP_set=
ac_cv_env_CXXCPP_value=
ac_cv_env_CXXFLAGS_set=
ac_cv_env_CXXFLAGS_value=
ac_cv_env_CXX_set=set
ac_cv_env_CXX_value=clang++
ac_cv_env_EMACSLOADPATH_set=
ac_cv_env_EMACSLOADPATH_value=
ac_cv_env_EMACS_set=
ac_cv_env_EMACS_value=
ac_cv_env_LDFLAGS_set=
ac_cv_env_LDFLAGS_value=
ac_cv_env_LIBS_set=
ac_cv_env_LIBS_value=
ac_cv_env_LT_SYS_LIBRARY_PATH_set=
ac_cv_env_LT_SYS_LIBRARY_PATH_value=
ac_cv_env_YACC_set=
ac_cv_env_YACC_value=
ac_cv_env_YFLAGS_set=
ac_cv_env_YFLAGS_value=
ac_cv_env_build_alias_set=
ac_cv_env_build_alias_value=
ac_cv_env_host_alias_set=
ac_cv_env_host_alias_value=
ac_cv_env_target_alias_set=
ac_cv_env_target_alias_value=
ac_cv_host=x86_64-apple-darwin22.3.0
ac_cv_path_install='/usr/bin/install -c'
ac_cv_prog_AWK=awk
ac_cv_prog_make_make_set=yes
am_cv_make_support_nested_variables=yes
am_cv_prog_tar_ustar=gnutar

## ----------------- ##
## Output variables. ##
## ----------------- ##

ACLOCAL='${SHELL} '\''/private/tmp/gettext-20231030-99754-7cscus/gettext-0.22.3/build-aux/missing'\'' aclocal-1.16'
AMTAR='$${TAR-tar}'
AM_BACKSLASH='\'
AM_DEFAULT_V='$(AM_DEFAULT_VERBOSITY)'
AM_DEFAULT_VERBOSITY='1'
AM_V='$(V)'
AUTOCONF='${SHELL} '\''/private/tmp/gettext-20231030-99754-7cscus/gettext-0.22.3/build-aux/missing'\'' autoconf'
AUTOHEADER='${SHELL} '\''/private/tmp/gettext-20231030-99754-7cscus/gettext-0.22.3/build-aux/missing'\'' autoheader'
AUTOMAKE='${SHELL} '\''/private/tmp/gettext-20231030-99754-7cscus/gettext-0.22.3/build-aux/missing'\'' automake-1.16'
AWK='awk'
CC='clang'
CFLAGS=''
CPP=''
CPPFLAGS=''
CSCOPE='cscope'
CTAGS='ctags'
CXX='clang++'
CXXCPP=''
CXXFLAGS=''
CYGPATH_W='echo'
DEFS='-DPACKAGE_NAME=\"gettext\" -DPACKAGE_TARNAME=\"gettext\" -DPACKAGE_VERSION=\"0.22.3\" -DPACKAGE_STRING=\"gettext\ 0.22.3\" -DPACKAGE_BUGREPORT=\"bug-gettext@gnu.org\" -DPACKAGE_URL=\"\" -DPACKAGE=\"gettext\" -DVERSION=\"0.22.3\"'
ECHO_C='\c'
ECHO_N=''
ECHO_T=''
EMACS=''
EMACSLOADPATH=''
ETAGS='etags'
INSTALL_DATA='${INSTALL} -m 644'
INSTALL_PROGRAM='${INSTALL}'
INSTALL_SCRIPT='${INSTALL}'
INSTALL_STRIP_PROGRAM='$(install_sh) -c -s'
LDFLAGS=''
LIBOBJS=''
LIBS=''
LTLIBOBJS=''
LT_SYS_LIBRARY_PATH=''
MAKEINFO='${SHELL} '\''/private/tmp/gettext-20231030-99754-7cscus/gettext-0.22.3/build-aux/missing'\'' makeinfo'
MKDIR_P='./build-aux/install-sh -c -d'
PACKAGE='gettext'
PACKAGE_BUGREPORT='bug-gettext@gnu.org'
PACKAGE_NAME='gettext'
PACKAGE_STRING='gettext 0.22.3'
PACKAGE_TARNAME='gettext'
PACKAGE_URL=''
PACKAGE_VERSION='0.22.3'
PATH_SEPARATOR=':'
SET_MAKE=''
SHELL='/bin/sh'
STRIP=''
VERSION='0.22.3'
YACC=''
YFLAGS=''
am__isrc=''
am__leading_dot='.'
am__tar='${AMTAR} chf - --format=ustar --owner=root --group=root "$$tardir"'
am__untar='tar -xf -'
bindir='${exec_prefix}/bin'
build='x86_64-apple-darwin22.3.0'
build_alias=''
build_cpu='x86_64'
build_os='darwin22.3.0'
build_vendor='apple'
datadir='${datarootdir}'
datarootdir='${prefix}/share'
docdir='${datarootdir}/doc/${PACKAGE_TARNAME}'
dvidir='${docdir}'
exec_prefix='${prefix}'
host='x86_64-apple-darwin22.3.0'
host_alias=''
host_cpu='x86_64'
host_os='darwin22.3.0'
host_vendor='apple'
htmldir='${docdir}'
includedir='${prefix}/include'
infodir='${datarootdir}/info'
install_sh='${SHELL} /private/tmp/gettext-20231030-99754-7cscus/gettext-0.22.3/build-aux/install-sh'
libdir='/Users/local/Documents/PREDOMINANT-PLANET/predo_planet/predominantmusic.com/homebrew/Cellar/gettext/0.22.3/lib'
libexecdir='${exec_prefix}/libexec'
localedir='${datarootdir}/locale'
localstatedir='${prefix}/var'
mandir='${datarootdir}/man'
mkdir_p='$(MKDIR_P)'
oldincludedir='/usr/include'
pdfdir='${docdir}'
prefix='/Users/local/Documents/PREDOMINANT-PLANET/predo_planet/predominantmusic.com/homebrew/Cellar/gettext/0.22.3'
program_transform_name='s,x,x,'
psdir='${docdir}'
runstatedir='${localstatedir}/run'
sbindir='${exec_prefix}/sbin'
sharedstatedir='${prefix}/com'
subdirs=' gettext-runtime libtextstyle gettext-tools'
sysconfdir='${prefix}/etc'
target_alias=''

## ----------- ##
## confdefs.h. ##
## ----------- ##

/* confdefs.h */
#define PACKAGE_NAME "gettext"
#define PACKAGE_TARNAME "gettext"
#define PACKAGE_VERSION "0.22.3"
#define PACKAGE_STRING "gettext 0.22.3"
#define PACKAGE_BUGREPORT "bug-gettext@gnu.org"
#define PACKAGE_URL ""
#define PACKAGE "gettext"
#define VERSION "0.22.3"

configure: exit 0
