This file contains any messages produced by compilers while
running configure, to aid debugging if configure makes a mistake.

It was created by gettext-examples configure 0.22.3, which was
generated by GNU Autoconf 2.71.  Invocation command line was

  $ ./configure --disable-option-checking --prefix=/Users/local/Documents/PREDOMINANT-PLANET/predo_planet/predominantmusic.com/homebrew/Cellar/gettext/0.22.3 --disable-debug --disable-dependency-tracking --libdir=/Users/local/Documents/PREDOMINANT-PLANET/predo_planet/predominantmusic.com/homebrew/Cellar/gettext/0.22.3/lib --disable-silent-rules --with-included-glib --with-included-libcroco --with-included-libunistring --with-included-libxml --with-emacs --with-lispdir=/Users/local/Documents/PREDOMINANT-PLANET/predo_planet/predominantmusic.com/homebrew/Cellar/gettext/0.22.3/share/emacs/site-lisp/gettext --disable-java --disable-csharp --without-git --without-cvs --without-xz --with-included-gettext CC=clang CXX=clang++ --cache-file=/dev/null --srcdir=.

## --------- ##
## Platform. ##
## --------- ##

hostname = dein-2.local
uname -m = x86_64
uname -r = 22.3.0
uname -s = Darwin
uname -v = Darwin Kernel Version 22.3.0: Mon Jan 30 20:42:11 PST 2023; root:xnu-8792.81.3~2/RELEASE_X86_64

/usr/bin/uname -p = i386
/bin/uname -X     = unknown

/bin/arch              = unknown
/usr/bin/arch -k       = unknown
/usr/convex/getsysinfo = unknown
/usr/bin/hostinfo      = Mach kernel version:
	 Darwin Kernel Version 22.3.0: Mon Jan 30 20:42:11 PST 2023; root:xnu-8792.81.3~2/RELEASE_X86_64
Kernel configured for up to 8 processors.
4 processors are physically available.
8 processors are logically available.
Processor type: x86_64h (Intel x86-64h Haswell)
Processors active: 0 1 2 3 4 5 6 7
Primary memory available: 8.00 gigabytes
Default processor set: 424 tasks, 2709 threads, 8 processors
Load average: 7.02, Mach factor: 1.24
/bin/machine           = unknown
/usr/bin/oslevel       = unknown
/bin/universe          = unknown

PATH: /Users/local/Documents/PREDOMINANT-PLANET/predo_planet/predominantmusic.com/homebrew/Library/Homebrew/shims/mac/super/
PATH: /usr/bin/
PATH: /bin/
PATH: /usr/sbin/
PATH: /sbin/


## ----------- ##
## Core tests. ##
## ----------- ##

configure:1726: looking for aux files: missing install-sh
configure:1739:  trying ./../../build-aux/
configure:1768:   ./../../build-aux/missing found
configure:1750:   ./../../build-aux/install-sh found
configure:1899: checking for a BSD-compatible install
configure:1972: result: /usr/bin/install -c
configure:1983: checking whether build environment is sane
configure:2038: result: yes
configure:2197: checking for a race-free mkdir -p
configure:2241: result: ./../../build-aux/install-sh -c -d
configure:2248: checking for gawk
configure:2283: result: no
configure:2248: checking for mawk
configure:2283: result: no
configure:2248: checking for nawk
configure:2283: result: no
configure:2248: checking for awk
configure:2269: found /usr/bin/awk
configure:2280: result: awk
configure:2291: checking whether make sets $(MAKE)
configure:2314: result: yes
configure:2344: checking whether make supports nested variables
configure:2362: result: yes
configure:2501: checking for a sed that does not truncate output
configure:2571: result: /usr/bin/sed
configure:2577: checking whether NLS is requested
configure:2587: result: yes
configure:2627: checking for msgfmt
configure:2663: result: no
configure:2669: checking for gmsgfmt
configure:2705: result: :
configure:2750: checking for xgettext
configure:2786: result: no
configure:2828: checking for msgmerge
configure:2863: result: no
configure:3041: checking that generated files are newer than configure
configure:3047: result: done
configure:3055: creating ./config.status

## ---------------------- ##
## Running config.status. ##
## ---------------------- ##

This file was extended by gettext-examples config.status 0.22.3, which was
generated by GNU Autoconf 2.71.  Invocation command line was

  CONFIG_FILES    = 
  CONFIG_HEADERS  = 
  CONFIG_LINKS    = 
  CONFIG_COMMANDS = 
  $ ./config.status 

on dein-2.local

config.status:769: creating Makefile
config.status:769: creating installpaths
config.status:769: creating po/Makefile
config.status:941: executing po-directories commands

## ---------------- ##
## Cache variables. ##
## ---------------- ##

ac_cv_env_build_alias_set=
ac_cv_env_build_alias_value=
ac_cv_env_host_alias_set=
ac_cv_env_host_alias_value=
ac_cv_env_target_alias_set=
ac_cv_env_target_alias_value=
ac_cv_path_GMSGFMT=:
ac_cv_path_MSGFMT=:
ac_cv_path_MSGMERGE=:
ac_cv_path_SED=/usr/bin/sed
ac_cv_path_XGETTEXT=:
ac_cv_path_install='/usr/bin/install -c'
ac_cv_prog_AWK=awk
ac_cv_prog_make_make_set=yes
am_cv_make_support_nested_variables=yes

## ----------------- ##
## Output variables. ##
## ----------------- ##

ACLOCAL='${SHELL} '\''/private/tmp/gettext-20231030-99754-7cscus/gettext-0.22.3/build-aux/missing'\'' aclocal-1.16'
AMTAR='$${TAR-tar}'
AM_BACKSLASH='\'
AM_DEFAULT_V='$(AM_DEFAULT_VERBOSITY)'
AM_DEFAULT_VERBOSITY='1'
AM_V='$(V)'
AUTOCONF='${SHELL} '\''/private/tmp/gettext-20231030-99754-7cscus/gettext-0.22.3/build-aux/missing'\'' autoconf'
AUTOHEADER='${SHELL} '\''/private/tmp/gettext-20231030-99754-7cscus/gettext-0.22.3/build-aux/missing'\'' autoheader'
AUTOMAKE='${SHELL} '\''/private/tmp/gettext-20231030-99754-7cscus/gettext-0.22.3/build-aux/missing'\'' automake-1.16'
AWK='awk'
CSCOPE='cscope'
CTAGS='ctags'
CYGPATH_W='echo'
DEFS='-DPACKAGE_NAME=\"gettext-examples\" -DPACKAGE_TARNAME=\"gettext-examples\" -DPACKAGE_VERSION=\"0.22.3\" -DPACKAGE_STRING=\"gettext-examples\ 0.22.3\" -DPACKAGE_BUGREPORT=\"bug-gettext@gnu.org\" -DPACKAGE_URL=\"\" -DPACKAGE=\"gettext-examples\" -DVERSION=\"0.22.3\"'
ECHO_C='\c'
ECHO_N=''
ECHO_T=''
ETAGS='etags'
GETTEXT_MACRO_VERSION='0.20'
GMSGFMT=':'
GMSGFMT_015=':'
INSTALL_DATA='${INSTALL} -m 644'
INSTALL_PROGRAM='${INSTALL}'
INSTALL_SCRIPT='${INSTALL}'
INSTALL_STRIP_PROGRAM='$(install_sh) -c -s'
LIBOBJS=''
LIBS=''
LTLIBOBJS=''
MAKEINFO='${SHELL} '\''/private/tmp/gettext-20231030-99754-7cscus/gettext-0.22.3/build-aux/missing'\'' makeinfo'
MKDIR_P='./../../build-aux/install-sh -c -d'
MSGFMT=':'
MSGMERGE=':'
MSGMERGE_FOR_MSGFMT_OPTION='--no-location --quiet'
PACKAGE='gettext-examples'
PACKAGE_BUGREPORT='bug-gettext@gnu.org'
PACKAGE_NAME='gettext-examples'
PACKAGE_STRING='gettext-examples 0.22.3'
PACKAGE_TARNAME='gettext-examples'
PACKAGE_URL=''
PACKAGE_VERSION='0.22.3'
PATH_SEPARATOR=':'
SED='/usr/bin/sed'
SET_MAKE=''
SHELL='/bin/sh'
STRIP=''
USE_NLS='yes'
VERSION='0.22.3'
XGETTEXT=':'
XGETTEXT_015=':'
XGETTEXT_EXTRA_OPTIONS=''
aclocaldir='${datadir}/aclocal'
am__isrc=''
am__leading_dot='.'
am__tar='$${TAR-tar} chof - "$$tardir"'
am__untar='$${TAR-tar} xf -'
bindir='${exec_prefix}/bin'
build_alias=''
datadir='${datarootdir}'
datarootdir='${prefix}/share'
docdir='${datarootdir}/doc/gettext'
dvidir='${docdir}'
exec_prefix='${prefix}'
host_alias=''
htmldir='${docdir}'
includedir='${prefix}/include'
infodir='${datarootdir}/info'
install_sh='${SHELL} /private/tmp/gettext-20231030-99754-7cscus/gettext-0.22.3/build-aux/install-sh'
libdir='/Users/local/Documents/PREDOMINANT-PLANET/predo_planet/predominantmusic.com/homebrew/Cellar/gettext/0.22.3/lib'
libexecdir='${exec_prefix}/libexec'
localedir='${datarootdir}/locale'
localstatedir='${prefix}/var'
mandir='${datarootdir}/man'
mkdir_p='$(MKDIR_P)'
oldincludedir='/usr/include'
pdfdir='${docdir}'
prefix='/Users/local/Documents/PREDOMINANT-PLANET/predo_planet/predominantmusic.com/homebrew/Cellar/gettext/0.22.3'
program_transform_name='s,x,x,'
psdir='${docdir}'
runstatedir='${localstatedir}/run'
sbindir='${exec_prefix}/sbin'
sharedstatedir='${prefix}/com'
sysconfdir='${prefix}/etc'
target_alias=''

## ----------- ##
## confdefs.h. ##
## ----------- ##

/* confdefs.h */
#define PACKAGE_NAME "gettext-examples"
#define PACKAGE_TARNAME "gettext-examples"
#define PACKAGE_VERSION "0.22.3"
#define PACKAGE_STRING "gettext-examples 0.22.3"
#define PACKAGE_BUGREPORT "bug-gettext@gnu.org"
#define PACKAGE_URL ""
#define PACKAGE "gettext-examples"
#define VERSION "0.22.3"

configure: exit 0
